CRITICAL - 2023-10-01 03:36:34 --> Invalid file: "Home.php"
in SYSTEMPATH\Exceptions\FrameworkException.php on line 39.
 1 SYSTEMPATH\View\View.php(214): CodeIgniter\Exceptions\FrameworkException::forInvalidFile('Home.php')
 2 SYSTEMPATH\Common.php(1188): CodeIgniter\View\View->render('Home', [], true)
 3 APPPATH\Controllers\Process.php(11): view('Home')
 4 SYSTEMPATH\CodeIgniter.php(919): App\Controllers\Process->index()
 5 SYSTEMPATH\CodeIgniter.php(494): CodeIgniter\CodeIgniter->runController(Object(App\Controllers\Process))
 6 SYSTEMPATH\CodeIgniter.php(353): CodeIgniter\CodeIgniter->handleRequest(null, Object(Config\Cache), false)
 7 FCPATH\index.php(79): CodeIgniter\CodeIgniter->run()
 8 SYSTEMPATH\Commands\Server\rewrite.php(47): require_once('C:\\laragon\\www\\Laboratory_3\\public\\index.php')
CRITICAL - 2023-10-01 06:02:07 --> Call to undefined method App\Models\Products::order_by
in SYSTEMPATH\Model.php on line 873.
 1 APPPATH\Controllers\Process.php(16): CodeIgniter\Model->__call('order_by', [...])
 2 SYSTEMPATH\CodeIgniter.php(919): App\Controllers\Process->index()
 3 SYSTEMPATH\CodeIgniter.php(494): CodeIgniter\CodeIgniter->runController(Object(App\Controllers\Process))
 4 SYSTEMPATH\CodeIgniter.php(353): CodeIgniter\CodeIgniter->handleRequest(null, Object(Config\Cache), false)
 5 FCPATH\index.php(79): CodeIgniter\CodeIgniter->run()
 6 SYSTEMPATH\Commands\Server\rewrite.php(47): require_once('C:\\laragon\\www\\Laboratory_3\\public\\index.php')
CRITICAL - 2023-10-01 06:02:58 --> Undefined property: App\Controllers\Process::$load
in APPPATH\Controllers\Process.php on line 18.
 1 APPPATH\Controllers\Process.php(18): CodeIgniter\Debug\Exceptions->errorHandler(2, 'Undefined property: App\\Controllers\\Process::$load', 'C:\\laragon\\www\\Laboratory_3\\app\\Controllers\\Process.php', 18)
 2 SYSTEMPATH\CodeIgniter.php(919): App\Controllers\Process->index()
 3 SYSTEMPATH\CodeIgniter.php(494): CodeIgniter\CodeIgniter->runController(Object(App\Controllers\Process))
 4 SYSTEMPATH\CodeIgniter.php(353): CodeIgniter\CodeIgniter->handleRequest(null, Object(Config\Cache), false)
 5 FCPATH\index.php(79): CodeIgniter\CodeIgniter->run()
 6 SYSTEMPATH\Commands\Server\rewrite.php(47): require_once('C:\\laragon\\www\\Laboratory_3\\public\\index.php')
ERROR - 2023-10-01 06:44:27 --> mysqli_sql_exception: Operand should contain 1 column(s) in C:\laragon\www\Laboratory_3\system\Database\MySQLi\Connection.php:306
Stack trace:
#0 C:\laragon\www\Laboratory_3\system\Database\MySQLi\Connection.php(306): mysqli->query('SELECT *\nFROM `...', 0)
#1 C:\laragon\www\Laboratory_3\system\Database\BaseConnection.php(692): CodeIgniter\Database\MySQLi\Connection->execute('SELECT *\nFROM `...')
#2 C:\laragon\www\Laboratory_3\system\Database\BaseConnection.php(606): CodeIgniter\Database\BaseConnection->simpleQuery('SELECT *\nFROM `...')
#3 C:\laragon\www\Laboratory_3\system\Database\BaseBuilder.php(1615): CodeIgniter\Database\BaseConnection->query('SELECT *\nFROM `...', Array, false)
#4 C:\laragon\www\Laboratory_3\system\Model.php(237): CodeIgniter\Database\BaseBuilder->get()
#5 C:\laragon\www\Laboratory_3\system\BaseModel.php(624): CodeIgniter\Model->doFindAll(0, 0)
#6 C:\laragon\www\Laboratory_3\app\Controllers\Process.php(18): CodeIgniter\BaseModel->findAll()
#7 C:\laragon\www\Laboratory_3\system\CodeIgniter.php(919): App\Controllers\Process->index()
#8 C:\laragon\www\Laboratory_3\system\CodeIgniter.php(494): CodeIgniter\CodeIgniter->runController(Object(App\Controllers\Process))
#9 C:\laragon\www\Laboratory_3\system\CodeIgniter.php(353): CodeIgniter\CodeIgniter->handleRequest(NULL, Object(Config\Cache), false)
#10 C:\laragon\www\Laboratory_3\public\index.php(79): CodeIgniter\CodeIgniter->run()
#11 C:\laragon\www\Laboratory_3\system\Commands\Server\rewrite.php(47): require_once('C:\\laragon\\www\\...')
#12 {main}
CRITICAL - 2023-10-01 06:44:27 --> Operand should contain 1 column(s)
in SYSTEMPATH\Database\BaseConnection.php on line 646.
 1 SYSTEMPATH\Database\BaseBuilder.php(1615): CodeIgniter\Database\BaseConnection->query('SELECT *
FROM `Product_Listing`
WHERE `category` = :category:
ORDER BY `category` ASC', [...], false)
 2 SYSTEMPATH\Model.php(237): CodeIgniter\Database\BaseBuilder->get()
 3 SYSTEMPATH\BaseModel.php(624): CodeIgniter\Model->doFindAll(0, 0)
 4 APPPATH\Controllers\Process.php(18): CodeIgniter\BaseModel->findAll()
 5 SYSTEMPATH\CodeIgniter.php(919): App\Controllers\Process->index()
 6 SYSTEMPATH\CodeIgniter.php(494): CodeIgniter\CodeIgniter->runController(Object(App\Controllers\Process))
 7 SYSTEMPATH\CodeIgniter.php(353): CodeIgniter\CodeIgniter->handleRequest(null, Object(Config\Cache), false)
 8 FCPATH\index.php(79): CodeIgniter\CodeIgniter->run()
 9 SYSTEMPATH\Commands\Server\rewrite.php(47): require_once('C:\\laragon\\www\\Laboratory_3\\public\\index.php')
ERROR - 2023-10-01 06:46:30 --> mysqli_sql_exception: Operand should contain 1 column(s) in C:\laragon\www\Laboratory_3\system\Database\MySQLi\Connection.php:306
Stack trace:
#0 C:\laragon\www\Laboratory_3\system\Database\MySQLi\Connection.php(306): mysqli->query('SELECT *\nFROM `...', 0)
#1 C:\laragon\www\Laboratory_3\system\Database\BaseConnection.php(692): CodeIgniter\Database\MySQLi\Connection->execute('SELECT *\nFROM `...')
#2 C:\laragon\www\Laboratory_3\system\Database\BaseConnection.php(606): CodeIgniter\Database\BaseConnection->simpleQuery('SELECT *\nFROM `...')
#3 C:\laragon\www\Laboratory_3\system\Database\BaseBuilder.php(1615): CodeIgniter\Database\BaseConnection->query('SELECT *\nFROM `...', Array, false)
#4 C:\laragon\www\Laboratory_3\system\Model.php(237): CodeIgniter\Database\BaseBuilder->get()
#5 C:\laragon\www\Laboratory_3\system\BaseModel.php(624): CodeIgniter\Model->doFindAll(0, 0)
#6 C:\laragon\www\Laboratory_3\app\Controllers\Process.php(18): CodeIgniter\BaseModel->findAll()
#7 C:\laragon\www\Laboratory_3\system\CodeIgniter.php(919): App\Controllers\Process->index()
#8 C:\laragon\www\Laboratory_3\system\CodeIgniter.php(494): CodeIgniter\CodeIgniter->runController(Object(App\Controllers\Process))
#9 C:\laragon\www\Laboratory_3\system\CodeIgniter.php(353): CodeIgniter\CodeIgniter->handleRequest(NULL, Object(Config\Cache), false)
#10 C:\laragon\www\Laboratory_3\public\index.php(79): CodeIgniter\CodeIgniter->run()
#11 C:\laragon\www\Laboratory_3\system\Commands\Server\rewrite.php(47): require_once('C:\\laragon\\www\\...')
#12 {main}
CRITICAL - 2023-10-01 06:46:30 --> Operand should contain 1 column(s)
in SYSTEMPATH\Database\BaseConnection.php on line 646.
 1 SYSTEMPATH\Database\BaseBuilder.php(1615): CodeIgniter\Database\BaseConnection->query('SELECT *
FROM `Product_Listing`
WHERE `category` = :category:
ORDER BY `category` ASC', [...], false)
 2 SYSTEMPATH\Model.php(237): CodeIgniter\Database\BaseBuilder->get()
 3 SYSTEMPATH\BaseModel.php(624): CodeIgniter\Model->doFindAll(0, 0)
 4 APPPATH\Controllers\Process.php(18): CodeIgniter\BaseModel->findAll()
 5 SYSTEMPATH\CodeIgniter.php(919): App\Controllers\Process->index()
 6 SYSTEMPATH\CodeIgniter.php(494): CodeIgniter\CodeIgniter->runController(Object(App\Controllers\Process))
 7 SYSTEMPATH\CodeIgniter.php(353): CodeIgniter\CodeIgniter->handleRequest(null, Object(Config\Cache), false)
 8 FCPATH\index.php(79): CodeIgniter\CodeIgniter->run()
 9 SYSTEMPATH\Commands\Server\rewrite.php(47): require_once('C:\\laragon\\www\\Laboratory_3\\public\\index.php')
ERROR - 2023-10-01 06:48:53 --> mysqli_sql_exception: Operand should contain 1 column(s) in C:\laragon\www\Laboratory_3\system\Database\MySQLi\Connection.php:306
Stack trace:
#0 C:\laragon\www\Laboratory_3\system\Database\MySQLi\Connection.php(306): mysqli->query('SELECT *\nFROM `...', 0)
#1 C:\laragon\www\Laboratory_3\system\Database\BaseConnection.php(692): CodeIgniter\Database\MySQLi\Connection->execute('SELECT *\nFROM `...')
#2 C:\laragon\www\Laboratory_3\system\Database\BaseConnection.php(606): CodeIgniter\Database\BaseConnection->simpleQuery('SELECT *\nFROM `...')
#3 C:\laragon\www\Laboratory_3\system\Database\BaseBuilder.php(1615): CodeIgniter\Database\BaseConnection->query('SELECT *\nFROM `...', Array, false)
#4 C:\laragon\www\Laboratory_3\system\Model.php(237): CodeIgniter\Database\BaseBuilder->get()
#5 C:\laragon\www\Laboratory_3\system\BaseModel.php(624): CodeIgniter\Model->doFindAll(0, 0)
#6 C:\laragon\www\Laboratory_3\app\Controllers\Process.php(18): CodeIgniter\BaseModel->findAll()
#7 C:\laragon\www\Laboratory_3\system\CodeIgniter.php(919): App\Controllers\Process->index()
#8 C:\laragon\www\Laboratory_3\system\CodeIgniter.php(494): CodeIgniter\CodeIgniter->runController(Object(App\Controllers\Process))
#9 C:\laragon\www\Laboratory_3\system\CodeIgniter.php(353): CodeIgniter\CodeIgniter->handleRequest(NULL, Object(Config\Cache), false)
#10 C:\laragon\www\Laboratory_3\public\index.php(79): CodeIgniter\CodeIgniter->run()
#11 C:\laragon\www\Laboratory_3\system\Commands\Server\rewrite.php(47): require_once('C:\\laragon\\www\\...')
#12 {main}
CRITICAL - 2023-10-01 06:48:53 --> Operand should contain 1 column(s)
in SYSTEMPATH\Database\BaseConnection.php on line 646.
 1 SYSTEMPATH\Database\BaseBuilder.php(1615): CodeIgniter\Database\BaseConnection->query('SELECT *
FROM `Product_Listing`
WHERE `category` = :category:
ORDER BY `category` ASC', [...], false)
 2 SYSTEMPATH\Model.php(237): CodeIgniter\Database\BaseBuilder->get()
 3 SYSTEMPATH\BaseModel.php(624): CodeIgniter\Model->doFindAll(0, 0)
 4 APPPATH\Controllers\Process.php(18): CodeIgniter\BaseModel->findAll()
 5 SYSTEMPATH\CodeIgniter.php(919): App\Controllers\Process->index()
 6 SYSTEMPATH\CodeIgniter.php(494): CodeIgniter\CodeIgniter->runController(Object(App\Controllers\Process))
 7 SYSTEMPATH\CodeIgniter.php(353): CodeIgniter\CodeIgniter->handleRequest(null, Object(Config\Cache), false)
 8 FCPATH\index.php(79): CodeIgniter\CodeIgniter->run()
 9 SYSTEMPATH\Commands\Server\rewrite.php(47): require_once('C:\\laragon\\www\\Laboratory_3\\public\\index.php')
CRITICAL - 2023-10-01 06:57:40 --> syntax error, unexpected end of file
in APPPATH\Views\Homepage\Gallery.php on line 164.
 1 SYSTEMPATH\View\View.php(229): CodeIgniter\View\View->CodeIgniter\View\{closure}()
 2 SYSTEMPATH\View\View.php(467): CodeIgniter\View\View->render('Homepage/Gallery', null, true)
 3 APPPATH\Views\Homepage\Home.php(7): CodeIgniter\View\View->include('Homepage/Gallery')
 4 SYSTEMPATH\View\View.php(226): include('C:\\laragon\\www\\Laboratory_3\\app\\Views\\Homepage\\Home.php')
 5 SYSTEMPATH\View\View.php(229): CodeIgniter\View\View->CodeIgniter\View\{closure}()
 6 SYSTEMPATH\Common.php(1188): CodeIgniter\View\View->render('Homepage/Home', [], true)
 7 APPPATH\Controllers\Process.php(20): view('Homepage/Home', [...])
 8 SYSTEMPATH\CodeIgniter.php(919): App\Controllers\Process->index()
 9 SYSTEMPATH\CodeIgniter.php(494): CodeIgniter\CodeIgniter->runController(Object(App\Controllers\Process))
10 SYSTEMPATH\CodeIgniter.php(353): CodeIgniter\CodeIgniter->handleRequest(null, Object(Config\Cache), false)
11 FCPATH\index.php(79): CodeIgniter\CodeIgniter->run()
12 SYSTEMPATH\Commands\Server\rewrite.php(47): require_once('C:\\laragon\\www\\Laboratory_3\\public\\index.php')
CRITICAL - 2023-10-01 06:59:14 --> syntax error, unexpected token "}", expecting "("
in APPPATH\Controllers\Process.php on line 24.
 1 SYSTEMPATH\Autoloader\Autoloader.php(285): CodeIgniter\Autoloader\Autoloader->includeFile('C:\\laragon\\www\\Laboratory_3\\app\\Controllers\\process.php')
 2 SYSTEMPATH\Autoloader\Autoloader.php(263): CodeIgniter\Autoloader\Autoloader->loadInNamespace('App\\Controllers\\process')
 3 [internal function]: CodeIgniter\Autoloader\Autoloader->loadClass('App\\Controllers\\process')
 4 SYSTEMPATH\CodeIgniter.php(877): class_exists('\\App\\Controllers\\process', true)
 5 SYSTEMPATH\CodeIgniter.php(481): CodeIgniter\CodeIgniter->startController()
 6 SYSTEMPATH\CodeIgniter.php(353): CodeIgniter\CodeIgniter->handleRequest(null, Object(Config\Cache), false)
 7 FCPATH\index.php(79): CodeIgniter\CodeIgniter->run()
 8 SYSTEMPATH\Commands\Server\rewrite.php(47): require_once('C:\\laragon\\www\\Laboratory_3\\public\\index.php')
CRITICAL - 2023-10-01 07:17:48 --> syntax error, unexpected token "endforeach"
in APPPATH\Views\Homepage\Gallery.php on line 47.
 1 SYSTEMPATH\View\View.php(229): CodeIgniter\View\View->CodeIgniter\View\{closure}()
 2 SYSTEMPATH\View\View.php(467): CodeIgniter\View\View->render('Homepage/Gallery', null, true)
 3 APPPATH\Views\Homepage\Home.php(7): CodeIgniter\View\View->include('Homepage/Gallery')
 4 SYSTEMPATH\View\View.php(226): include('C:\\laragon\\www\\Laboratory_3\\app\\Views\\Homepage\\Home.php')
 5 SYSTEMPATH\View\View.php(229): CodeIgniter\View\View->CodeIgniter\View\{closure}()
 6 SYSTEMPATH\Common.php(1188): CodeIgniter\View\View->render('Homepage/Home', [], true)
 7 APPPATH\Controllers\Process.php(19): view('Homepage/Home', [...])
 8 SYSTEMPATH\CodeIgniter.php(919): App\Controllers\Process->index()
 9 SYSTEMPATH\CodeIgniter.php(494): CodeIgniter\CodeIgniter->runController(Object(App\Controllers\Process))
10 SYSTEMPATH\CodeIgniter.php(353): CodeIgniter\CodeIgniter->handleRequest(null, Object(Config\Cache), false)
11 FCPATH\index.php(79): CodeIgniter\CodeIgniter->run()
12 SYSTEMPATH\Commands\Server\rewrite.php(47): require_once('C:\\laragon\\www\\Laboratory_3\\public\\index.php')
CRITICAL - 2023-10-01 07:20:45 --> syntax error, unexpected token "echo"
in APPPATH\Views\Homepage\Gallery.php on line 25.
 1 SYSTEMPATH\View\View.php(229): CodeIgniter\View\View->CodeIgniter\View\{closure}()
 2 SYSTEMPATH\View\View.php(467): CodeIgniter\View\View->render('Homepage/Gallery', null, true)
 3 APPPATH\Views\Homepage\Home.php(7): CodeIgniter\View\View->include('Homepage/Gallery')
 4 SYSTEMPATH\View\View.php(226): include('C:\\laragon\\www\\Laboratory_3\\app\\Views\\Homepage\\Home.php')
 5 SYSTEMPATH\View\View.php(229): CodeIgniter\View\View->CodeIgniter\View\{closure}()
 6 SYSTEMPATH\Common.php(1188): CodeIgniter\View\View->render('Homepage/Home', [], true)
 7 APPPATH\Controllers\Process.php(19): view('Homepage/Home', [...])
 8 SYSTEMPATH\CodeIgniter.php(919): App\Controllers\Process->index()
 9 SYSTEMPATH\CodeIgniter.php(494): CodeIgniter\CodeIgniter->runController(Object(App\Controllers\Process))
10 SYSTEMPATH\CodeIgniter.php(353): CodeIgniter\CodeIgniter->handleRequest(null, Object(Config\Cache), false)
11 FCPATH\index.php(79): CodeIgniter\CodeIgniter->run()
12 SYSTEMPATH\Commands\Server\rewrite.php(47): require_once('C:\\laragon\\www\\Laboratory_3\\public\\index.php')
CRITICAL - 2023-10-01 07:32:25 --> syntax error, unexpected token ":", expecting ";"
in APPPATH\Views\Homepage\Gallery.php on line 23.
 1 SYSTEMPATH\View\View.php(229): CodeIgniter\View\View->CodeIgniter\View\{closure}()
 2 SYSTEMPATH\View\View.php(467): CodeIgniter\View\View->render('Homepage/Gallery', null, true)
 3 APPPATH\Views\Homepage\Home.php(7): CodeIgniter\View\View->include('Homepage/Gallery')
 4 SYSTEMPATH\View\View.php(226): include('C:\\laragon\\www\\Laboratory_3\\app\\Views\\Homepage\\Home.php')
 5 SYSTEMPATH\View\View.php(229): CodeIgniter\View\View->CodeIgniter\View\{closure}()
 6 SYSTEMPATH\Common.php(1188): CodeIgniter\View\View->render('Homepage/Home', [], true)
 7 APPPATH\Controllers\Process.php(19): view('Homepage/Home', [...])
 8 SYSTEMPATH\CodeIgniter.php(919): App\Controllers\Process->index()
 9 SYSTEMPATH\CodeIgniter.php(494): CodeIgniter\CodeIgniter->runController(Object(App\Controllers\Process))
10 SYSTEMPATH\CodeIgniter.php(353): CodeIgniter\CodeIgniter->handleRequest(null, Object(Config\Cache), false)
11 FCPATH\index.php(79): CodeIgniter\CodeIgniter->run()
12 SYSTEMPATH\Commands\Server\rewrite.php(47): require_once('C:\\laragon\\www\\Laboratory_3\\public\\index.php')
CRITICAL - 2023-10-01 07:39:41 --> syntax error, unexpected token "else"
in APPPATH\Views\Homepage\Gallery.php on line 25.
 1 SYSTEMPATH\View\View.php(229): CodeIgniter\View\View->CodeIgniter\View\{closure}()
 2 SYSTEMPATH\View\View.php(467): CodeIgniter\View\View->render('Homepage/Gallery', null, true)
 3 APPPATH\Views\Homepage\Home.php(7): CodeIgniter\View\View->include('Homepage/Gallery')
 4 SYSTEMPATH\View\View.php(226): include('C:\\laragon\\www\\Laboratory_3\\app\\Views\\Homepage\\Home.php')
 5 SYSTEMPATH\View\View.php(229): CodeIgniter\View\View->CodeIgniter\View\{closure}()
 6 SYSTEMPATH\Common.php(1188): CodeIgniter\View\View->render('Homepage/Home', [], true)
 7 APPPATH\Controllers\Process.php(19): view('Homepage/Home', [...])
 8 SYSTEMPATH\CodeIgniter.php(919): App\Controllers\Process->index()
 9 SYSTEMPATH\CodeIgniter.php(494): CodeIgniter\CodeIgniter->runController(Object(App\Controllers\Process))
10 SYSTEMPATH\CodeIgniter.php(353): CodeIgniter\CodeIgniter->handleRequest(null, Object(Config\Cache), false)
11 FCPATH\index.php(79): CodeIgniter\CodeIgniter->run()
12 SYSTEMPATH\Commands\Server\rewrite.php(47): require_once('C:\\laragon\\www\\Laboratory_3\\public\\index.php')
CRITICAL - 2023-10-01 07:39:53 --> syntax error, unexpected token "else"
in APPPATH\Views\Homepage\Gallery.php on line 25.
 1 SYSTEMPATH\View\View.php(229): CodeIgniter\View\View->CodeIgniter\View\{closure}()
 2 SYSTEMPATH\View\View.php(467): CodeIgniter\View\View->render('Homepage/Gallery', null, true)
 3 APPPATH\Views\Homepage\Home.php(7): CodeIgniter\View\View->include('Homepage/Gallery')
 4 SYSTEMPATH\View\View.php(226): include('C:\\laragon\\www\\Laboratory_3\\app\\Views\\Homepage\\Home.php')
 5 SYSTEMPATH\View\View.php(229): CodeIgniter\View\View->CodeIgniter\View\{closure}()
 6 SYSTEMPATH\Common.php(1188): CodeIgniter\View\View->render('Homepage/Home', [], true)
 7 APPPATH\Controllers\Process.php(19): view('Homepage/Home', [...])
 8 SYSTEMPATH\CodeIgniter.php(919): App\Controllers\Process->index()
 9 SYSTEMPATH\CodeIgniter.php(494): CodeIgniter\CodeIgniter->runController(Object(App\Controllers\Process))
10 SYSTEMPATH\CodeIgniter.php(353): CodeIgniter\CodeIgniter->handleRequest(null, Object(Config\Cache), false)
11 FCPATH\index.php(79): CodeIgniter\CodeIgniter->run()
12 SYSTEMPATH\Commands\Server\rewrite.php(47): require_once('C:\\laragon\\www\\Laboratory_3\\public\\index.php')
CRITICAL - 2023-10-01 07:52:06 --> Undefined variable $first
in APPPATH\Views\Homepage\Gallery.php on line 3.
 1 APPPATH\Views\Homepage\Gallery.php(3): CodeIgniter\Debug\Exceptions->errorHandler(2, 'Undefined variable $first', 'C:\\laragon\\www\\Laboratory_3\\app\\Views\\Homepage\\Gallery.php', 3)
 2 SYSTEMPATH\View\View.php(226): include('C:\\laragon\\www\\Laboratory_3\\app\\Views\\Homepage\\Gallery.php')
 3 SYSTEMPATH\View\View.php(229): CodeIgniter\View\View->CodeIgniter\View\{closure}()
 4 SYSTEMPATH\View\View.php(467): CodeIgniter\View\View->render('Homepage/Gallery', null, true)
 5 APPPATH\Views\Homepage\Home.php(7): CodeIgniter\View\View->include('Homepage/Gallery')
 6 SYSTEMPATH\View\View.php(226): include('C:\\laragon\\www\\Laboratory_3\\app\\Views\\Homepage\\Home.php')
 7 SYSTEMPATH\View\View.php(229): CodeIgniter\View\View->CodeIgniter\View\{closure}()
 8 SYSTEMPATH\Common.php(1188): CodeIgniter\View\View->render('Homepage/Home', [], true)
 9 APPPATH\Controllers\Process.php(20): view('Homepage/Home', [...])
10 SYSTEMPATH\CodeIgniter.php(919): App\Controllers\Process->index()
11 SYSTEMPATH\CodeIgniter.php(494): CodeIgniter\CodeIgniter->runController(Object(App\Controllers\Process))
12 SYSTEMPATH\CodeIgniter.php(353): CodeIgniter\CodeIgniter->handleRequest(null, Object(Config\Cache), false)
13 FCPATH\index.php(79): CodeIgniter\CodeIgniter->run()
14 SYSTEMPATH\Commands\Server\rewrite.php(47): require_once('C:\\laragon\\www\\Laboratory_3\\public\\index.php')
CRITICAL - 2023-10-01 07:54:13 --> Cannot access offset of type string on string
in APPPATH\Views\Homepage\Gallery.php on line 28.
 1 SYSTEMPATH\View\View.php(226): include()
 2 SYSTEMPATH\View\View.php(229): CodeIgniter\View\View->CodeIgniter\View\{closure}()
 3 SYSTEMPATH\View\View.php(467): CodeIgniter\View\View->render('Homepage/Gallery', null, true)
 4 APPPATH\Views\Homepage\Home.php(7): CodeIgniter\View\View->include('Homepage/Gallery')
 5 SYSTEMPATH\View\View.php(226): include('C:\\laragon\\www\\Laboratory_3\\app\\Views\\Homepage\\Home.php')
 6 SYSTEMPATH\View\View.php(229): CodeIgniter\View\View->CodeIgniter\View\{closure}()
 7 SYSTEMPATH\Common.php(1188): CodeIgniter\View\View->render('Homepage/Home', [], true)
 8 APPPATH\Controllers\Process.php(20): view('Homepage/Home', [...])
 9 SYSTEMPATH\CodeIgniter.php(919): App\Controllers\Process->index()
10 SYSTEMPATH\CodeIgniter.php(494): CodeIgniter\CodeIgniter->runController(Object(App\Controllers\Process))
11 SYSTEMPATH\CodeIgniter.php(353): CodeIgniter\CodeIgniter->handleRequest(null, Object(Config\Cache), false)
12 FCPATH\index.php(79): CodeIgniter\CodeIgniter->run()
13 SYSTEMPATH\Commands\Server\rewrite.php(47): require_once('C:\\laragon\\www\\Laboratory_3\\public\\index.php')
CRITICAL - 2023-10-01 08:00:03 --> syntax error, unexpected token "endif", expecting end of file
in APPPATH\Views\Homepage\Gallery.php on line 43.
 1 SYSTEMPATH\View\View.php(229): CodeIgniter\View\View->CodeIgniter\View\{closure}()
 2 SYSTEMPATH\View\View.php(467): CodeIgniter\View\View->render('Homepage/Gallery', null, true)
 3 APPPATH\Views\Homepage\Home.php(7): CodeIgniter\View\View->include('Homepage/Gallery')
 4 SYSTEMPATH\View\View.php(226): include('C:\\laragon\\www\\Laboratory_3\\app\\Views\\Homepage\\Home.php')
 5 SYSTEMPATH\View\View.php(229): CodeIgniter\View\View->CodeIgniter\View\{closure}()
 6 SYSTEMPATH\Common.php(1188): CodeIgniter\View\View->render('Homepage/Home', [], true)
 7 APPPATH\Controllers\Process.php(20): view('Homepage/Home', [...])
 8 SYSTEMPATH\CodeIgniter.php(919): App\Controllers\Process->index()
 9 SYSTEMPATH\CodeIgniter.php(494): CodeIgniter\CodeIgniter->runController(Object(App\Controllers\Process))
10 SYSTEMPATH\CodeIgniter.php(353): CodeIgniter\CodeIgniter->handleRequest(null, Object(Config\Cache), false)
11 FCPATH\index.php(79): CodeIgniter\CodeIgniter->run()
12 SYSTEMPATH\Commands\Server\rewrite.php(47): require_once('C:\\laragon\\www\\Laboratory_3\\public\\index.php')
CRITICAL - 2023-10-01 08:00:27 --> Cannot access offset of type string on string
in APPPATH\Views\Homepage\Gallery.php on line 30.
 1 SYSTEMPATH\View\View.php(226): include()
 2 SYSTEMPATH\View\View.php(229): CodeIgniter\View\View->CodeIgniter\View\{closure}()
 3 SYSTEMPATH\View\View.php(467): CodeIgniter\View\View->render('Homepage/Gallery', null, true)
 4 APPPATH\Views\Homepage\Home.php(7): CodeIgniter\View\View->include('Homepage/Gallery')
 5 SYSTEMPATH\View\View.php(226): include('C:\\laragon\\www\\Laboratory_3\\app\\Views\\Homepage\\Home.php')
 6 SYSTEMPATH\View\View.php(229): CodeIgniter\View\View->CodeIgniter\View\{closure}()
 7 SYSTEMPATH\Common.php(1188): CodeIgniter\View\View->render('Homepage/Home', [], true)
 8 APPPATH\Controllers\Process.php(20): view('Homepage/Home', [...])
 9 SYSTEMPATH\CodeIgniter.php(919): App\Controllers\Process->index()
10 SYSTEMPATH\CodeIgniter.php(494): CodeIgniter\CodeIgniter->runController(Object(App\Controllers\Process))
11 SYSTEMPATH\CodeIgniter.php(353): CodeIgniter\CodeIgniter->handleRequest(null, Object(Config\Cache), false)
12 FCPATH\index.php(79): CodeIgniter\CodeIgniter->run()
13 SYSTEMPATH\Commands\Server\rewrite.php(47): require_once('C:\\laragon\\www\\Laboratory_3\\public\\index.php')
CRITICAL - 2023-10-01 08:11:41 --> Undefined variable $list
in APPPATH\Views\Homepage\ViewProduct.php on line 23.
 1 APPPATH\Views\Homepage\ViewProduct.php(23): CodeIgniter\Debug\Exceptions->errorHandler(2, 'Undefined variable $list', 'C:\\laragon\\www\\Laboratory_3\\app\\Views\\Homepage\\ViewProduct.php', 23)
 2 SYSTEMPATH\View\View.php(226): include('C:\\laragon\\www\\Laboratory_3\\app\\Views\\Homepage\\ViewProduct.php')
 3 SYSTEMPATH\View\View.php(229): CodeIgniter\View\View->CodeIgniter\View\{closure}()
 4 SYSTEMPATH\View\View.php(467): CodeIgniter\View\View->render('Homepage/ViewProduct', null, true)
 5 APPPATH\Views\Homepage\Home.php(3): CodeIgniter\View\View->include('Homepage/ViewProduct')
 6 SYSTEMPATH\View\View.php(226): include('C:\\laragon\\www\\Laboratory_3\\app\\Views\\Homepage\\Home.php')
 7 SYSTEMPATH\View\View.php(229): CodeIgniter\View\View->CodeIgniter\View\{closure}()
 8 SYSTEMPATH\Common.php(1188): CodeIgniter\View\View->render('Homepage/Home', [], true)
 9 APPPATH\Controllers\Process.php(20): view('Homepage/Home', [...])
10 SYSTEMPATH\CodeIgniter.php(919): App\Controllers\Process->index()
11 SYSTEMPATH\CodeIgniter.php(494): CodeIgniter\CodeIgniter->runController(Object(App\Controllers\Process))
12 SYSTEMPATH\CodeIgniter.php(353): CodeIgniter\CodeIgniter->handleRequest(null, Object(Config\Cache), false)
13 FCPATH\index.php(79): CodeIgniter\CodeIgniter->run()
14 SYSTEMPATH\Commands\Server\rewrite.php(47): require_once('C:\\laragon\\www\\Laboratory_3\\public\\index.php')
CRITICAL - 2023-10-01 08:55:46 --> syntax error, unexpected end of file
in APPPATH\Views\Homepage\ViewProduct.php on line 25.
 1 SYSTEMPATH\View\View.php(229): CodeIgniter\View\View->CodeIgniter\View\{closure}()
 2 SYSTEMPATH\View\View.php(467): CodeIgniter\View\View->render('Homepage/ViewProduct', null, true)
 3 APPPATH\Views\Homepage\Home.php(3): CodeIgniter\View\View->include('Homepage/ViewProduct')
 4 SYSTEMPATH\View\View.php(226): include('C:\\laragon\\www\\Laboratory_3\\app\\Views\\Homepage\\Home.php')
 5 SYSTEMPATH\View\View.php(229): CodeIgniter\View\View->CodeIgniter\View\{closure}()
 6 SYSTEMPATH\Common.php(1188): CodeIgniter\View\View->render('Homepage/Home', [], true)
 7 APPPATH\Controllers\Process.php(31): view('Homepage/Home', [...])
 8 SYSTEMPATH\CodeIgniter.php(919): App\Controllers\Process->category('Beverages')
 9 SYSTEMPATH\CodeIgniter.php(494): CodeIgniter\CodeIgniter->runController(Object(App\Controllers\Process))
10 SYSTEMPATH\CodeIgniter.php(353): CodeIgniter\CodeIgniter->handleRequest(null, Object(Config\Cache), false)
11 FCPATH\index.php(79): CodeIgniter\CodeIgniter->run()
12 SYSTEMPATH\Commands\Server\rewrite.php(47): require_once('C:\\laragon\\www\\Laboratory_3\\public\\index.php')
CRITICAL - 2023-10-01 08:57:48 --> syntax error, unexpected token "endif"
in APPPATH\Views\Homepage\ViewProduct.php on line 26.
 1 SYSTEMPATH\View\View.php(229): CodeIgniter\View\View->CodeIgniter\View\{closure}()
 2 SYSTEMPATH\View\View.php(467): CodeIgniter\View\View->render('Homepage/ViewProduct', null, true)
 3 APPPATH\Views\Homepage\Home.php(3): CodeIgniter\View\View->include('Homepage/ViewProduct')
 4 SYSTEMPATH\View\View.php(226): include('C:\\laragon\\www\\Laboratory_3\\app\\Views\\Homepage\\Home.php')
 5 SYSTEMPATH\View\View.php(229): CodeIgniter\View\View->CodeIgniter\View\{closure}()
 6 SYSTEMPATH\Common.php(1188): CodeIgniter\View\View->render('Homepage/Home', [], true)
 7 APPPATH\Controllers\Process.php(31): view('Homepage/Home', [...])
 8 SYSTEMPATH\CodeIgniter.php(919): App\Controllers\Process->category('Beverages')
 9 SYSTEMPATH\CodeIgniter.php(494): CodeIgniter\CodeIgniter->runController(Object(App\Controllers\Process))
10 SYSTEMPATH\CodeIgniter.php(353): CodeIgniter\CodeIgniter->handleRequest(null, Object(Config\Cache), false)
11 FCPATH\index.php(79): CodeIgniter\CodeIgniter->run()
12 SYSTEMPATH\Commands\Server\rewrite.php(47): require_once('C:\\laragon\\www\\Laboratory_3\\public\\index.php')
CRITICAL - 2023-10-01 08:58:06 --> Undefined variable $categ
in APPPATH\Controllers\Process.php on line 37.
 1 APPPATH\Controllers\Process.php(37): CodeIgniter\Debug\Exceptions->errorHandler(2, 'Undefined variable $categ', 'C:\\laragon\\www\\Laboratory_3\\app\\Controllers\\Process.php', 37)
 2 SYSTEMPATH\CodeIgniter.php(919): App\Controllers\Process->view_product('1')
 3 SYSTEMPATH\CodeIgniter.php(494): CodeIgniter\CodeIgniter->runController(Object(App\Controllers\Process))
 4 SYSTEMPATH\CodeIgniter.php(353): CodeIgniter\CodeIgniter->handleRequest(null, Object(Config\Cache), false)
 5 FCPATH\index.php(79): CodeIgniter\CodeIgniter->run()
 6 SYSTEMPATH\Commands\Server\rewrite.php(47): require_once('C:\\laragon\\www\\Laboratory_3\\public\\index.php')
CRITICAL - 2023-10-01 09:20:31 --> Undefined variable $vprod
in APPPATH\Views\Homepage\ViewProduct.php on line 7.
 1 APPPATH\Views\Homepage\ViewProduct.php(7): CodeIgniter\Debug\Exceptions->errorHandler(2, 'Undefined variable $vprod', 'C:\\laragon\\www\\Laboratory_3\\app\\Views\\Homepage\\ViewProduct.php', 7)
 2 SYSTEMPATH\View\View.php(226): include('C:\\laragon\\www\\Laboratory_3\\app\\Views\\Homepage\\ViewProduct.php')
 3 SYSTEMPATH\View\View.php(229): CodeIgniter\View\View->CodeIgniter\View\{closure}()
 4 SYSTEMPATH\View\View.php(467): CodeIgniter\View\View->render('Homepage/ViewProduct', null, true)
 5 APPPATH\Views\Homepage\Home.php(11): CodeIgniter\View\View->include('Homepage/ViewProduct')
 6 SYSTEMPATH\View\View.php(226): include('C:\\laragon\\www\\Laboratory_3\\app\\Views\\Homepage\\Home.php')
 7 SYSTEMPATH\View\View.php(229): CodeIgniter\View\View->CodeIgniter\View\{closure}()
 8 SYSTEMPATH\Common.php(1188): CodeIgniter\View\View->render('Homepage/Home', [], true)
 9 APPPATH\Controllers\Process.php(22): view('Homepage/Home', [...])
10 SYSTEMPATH\CodeIgniter.php(919): App\Controllers\Process->index()
11 SYSTEMPATH\CodeIgniter.php(494): CodeIgniter\CodeIgniter->runController(Object(App\Controllers\Process))
12 SYSTEMPATH\CodeIgniter.php(353): CodeIgniter\CodeIgniter->handleRequest(null, Object(Config\Cache), false)
13 FCPATH\index.php(79): CodeIgniter\CodeIgniter->run()
14 SYSTEMPATH\Commands\Server\rewrite.php(47): require_once('C:\\laragon\\www\\Laboratory_3\\public\\index.php')
CRITICAL - 2023-10-01 09:24:49 --> Cannot access offset of type string on string
in APPPATH\Views\Homepage\ViewProduct.php on line 11.
 1 SYSTEMPATH\View\View.php(226): include()
 2 SYSTEMPATH\View\View.php(229): CodeIgniter\View\View->CodeIgniter\View\{closure}()
 3 SYSTEMPATH\View\View.php(467): CodeIgniter\View\View->render('Homepage/ViewProduct', null, true)
 4 APPPATH\Views\Homepage\Home.php(11): CodeIgniter\View\View->include('Homepage/ViewProduct')
 5 SYSTEMPATH\View\View.php(226): include('C:\\laragon\\www\\Laboratory_3\\app\\Views\\Homepage\\Home.php')
 6 SYSTEMPATH\View\View.php(229): CodeIgniter\View\View->CodeIgniter\View\{closure}()
 7 SYSTEMPATH\Common.php(1188): CodeIgniter\View\View->render('Homepage/Home', [], true)
 8 APPPATH\Controllers\Process.php(42): view('Homepage/Home', [...])
 9 SYSTEMPATH\CodeIgniter.php(919): App\Controllers\Process->view_product('1')
10 SYSTEMPATH\CodeIgniter.php(494): CodeIgniter\CodeIgniter->runController(Object(App\Controllers\Process))
11 SYSTEMPATH\CodeIgniter.php(353): CodeIgniter\CodeIgniter->handleRequest(null, Object(Config\Cache), false)
12 FCPATH\index.php(79): CodeIgniter\CodeIgniter->run()
13 SYSTEMPATH\Commands\Server\rewrite.php(47): require_once('C:\\laragon\\www\\Laboratory_3\\public\\index.php')
CRITICAL - 2023-10-01 09:25:55 --> Cannot access offset of type string on string
in APPPATH\Views\Homepage\ViewProduct.php on line 11.
 1 SYSTEMPATH\View\View.php(226): include()
 2 SYSTEMPATH\View\View.php(229): CodeIgniter\View\View->CodeIgniter\View\{closure}()
 3 SYSTEMPATH\View\View.php(467): CodeIgniter\View\View->render('Homepage/ViewProduct', null, true)
 4 APPPATH\Views\Homepage\Home.php(11): CodeIgniter\View\View->include('Homepage/ViewProduct')
 5 SYSTEMPATH\View\View.php(226): include('C:\\laragon\\www\\Laboratory_3\\app\\Views\\Homepage\\Home.php')
 6 SYSTEMPATH\View\View.php(229): CodeIgniter\View\View->CodeIgniter\View\{closure}()
 7 SYSTEMPATH\Common.php(1188): CodeIgniter\View\View->render('Homepage/Home', [], true)
 8 APPPATH\Controllers\Process.php(42): view('Homepage/Home', [...])
 9 SYSTEMPATH\CodeIgniter.php(919): App\Controllers\Process->view_product('1')
10 SYSTEMPATH\CodeIgniter.php(494): CodeIgniter\CodeIgniter->runController(Object(App\Controllers\Process))
11 SYSTEMPATH\CodeIgniter.php(353): CodeIgniter\CodeIgniter->handleRequest(null, Object(Config\Cache), false)
12 FCPATH\index.php(79): CodeIgniter\CodeIgniter->run()
13 SYSTEMPATH\Commands\Server\rewrite.php(47): require_once('C:\\laragon\\www\\Laboratory_3\\public\\index.php')
CRITICAL - 2023-10-01 09:28:52 --> Cannot access offset of type string on string
in APPPATH\Views\Homepage\ViewProduct.php on line 11.
 1 SYSTEMPATH\View\View.php(226): include()
 2 SYSTEMPATH\View\View.php(229): CodeIgniter\View\View->CodeIgniter\View\{closure}()
 3 SYSTEMPATH\View\View.php(467): CodeIgniter\View\View->render('Homepage/ViewProduct', null, true)
 4 APPPATH\Views\Homepage\Home.php(11): CodeIgniter\View\View->include('Homepage/ViewProduct')
 5 SYSTEMPATH\View\View.php(226): include('C:\\laragon\\www\\Laboratory_3\\app\\Views\\Homepage\\Home.php')
 6 SYSTEMPATH\View\View.php(229): CodeIgniter\View\View->CodeIgniter\View\{closure}()
 7 SYSTEMPATH\Common.php(1188): CodeIgniter\View\View->render('Homepage/Home', [], true)
 8 APPPATH\Controllers\Process.php(42): view('Homepage/Home', [...])
 9 SYSTEMPATH\CodeIgniter.php(919): App\Controllers\Process->view_product('1')
10 SYSTEMPATH\CodeIgniter.php(494): CodeIgniter\CodeIgniter->runController(Object(App\Controllers\Process))
11 SYSTEMPATH\CodeIgniter.php(353): CodeIgniter\CodeIgniter->handleRequest(null, Object(Config\Cache), false)
12 FCPATH\index.php(79): CodeIgniter\CodeIgniter->run()
13 SYSTEMPATH\Commands\Server\rewrite.php(47): require_once('C:\\laragon\\www\\Laboratory_3\\public\\index.php')
CRITICAL - 2023-10-01 09:30:42 --> Cannot access offset of type string on string
in APPPATH\Views\Homepage\ViewProduct.php on line 11.
 1 SYSTEMPATH\View\View.php(226): include()
 2 SYSTEMPATH\View\View.php(229): CodeIgniter\View\View->CodeIgniter\View\{closure}()
 3 SYSTEMPATH\View\View.php(467): CodeIgniter\View\View->render('Homepage/ViewProduct', null, true)
 4 APPPATH\Views\Homepage\Home.php(11): CodeIgniter\View\View->include('Homepage/ViewProduct')
 5 SYSTEMPATH\View\View.php(226): include('C:\\laragon\\www\\Laboratory_3\\app\\Views\\Homepage\\Home.php')
 6 SYSTEMPATH\View\View.php(229): CodeIgniter\View\View->CodeIgniter\View\{closure}()
 7 SYSTEMPATH\Common.php(1188): CodeIgniter\View\View->render('Homepage/Home', [], true)
 8 APPPATH\Controllers\Process.php(42): view('Homepage/Home', [...])
 9 SYSTEMPATH\CodeIgniter.php(919): App\Controllers\Process->view_product('1')
10 SYSTEMPATH\CodeIgniter.php(494): CodeIgniter\CodeIgniter->runController(Object(App\Controllers\Process))
11 SYSTEMPATH\CodeIgniter.php(353): CodeIgniter\CodeIgniter->handleRequest(null, Object(Config\Cache), false)
12 FCPATH\index.php(79): CodeIgniter\CodeIgniter->run()
13 SYSTEMPATH\Commands\Server\rewrite.php(47): require_once('C:\\laragon\\www\\Laboratory_3\\public\\index.php')
CRITICAL - 2023-10-01 09:32:04 --> Cannot access offset of type string on string
in APPPATH\Views\Homepage\ViewProduct.php on line 11.
 1 SYSTEMPATH\View\View.php(226): include()
 2 SYSTEMPATH\View\View.php(229): CodeIgniter\View\View->CodeIgniter\View\{closure}()
 3 SYSTEMPATH\View\View.php(467): CodeIgniter\View\View->render('Homepage/ViewProduct', null, true)
 4 APPPATH\Views\Homepage\Home.php(11): CodeIgniter\View\View->include('Homepage/ViewProduct')
 5 SYSTEMPATH\View\View.php(226): include('C:\\laragon\\www\\Laboratory_3\\app\\Views\\Homepage\\Home.php')
 6 SYSTEMPATH\View\View.php(229): CodeIgniter\View\View->CodeIgniter\View\{closure}()
 7 SYSTEMPATH\Common.php(1188): CodeIgniter\View\View->render('Homepage/Home', [], true)
 8 APPPATH\Controllers\Process.php(42): view('Homepage/Home', [...])
 9 SYSTEMPATH\CodeIgniter.php(919): App\Controllers\Process->view_product('1')
10 SYSTEMPATH\CodeIgniter.php(494): CodeIgniter\CodeIgniter->runController(Object(App\Controllers\Process))
11 SYSTEMPATH\CodeIgniter.php(353): CodeIgniter\CodeIgniter->handleRequest(null, Object(Config\Cache), false)
12 FCPATH\index.php(79): CodeIgniter\CodeIgniter->run()
13 SYSTEMPATH\Commands\Server\rewrite.php(47): require_once('C:\\laragon\\www\\Laboratory_3\\public\\index.php')
CRITICAL - 2023-10-01 09:32:51 --> implode(): Argument #1 ($pieces) must be of type array, string given
in APPPATH\Views\Homepage\ViewProduct.php on line 11.
 1 APPPATH\Views\Homepage\ViewProduct.php(11): implode('Coca-cola')
 2 SYSTEMPATH\View\View.php(226): include('C:\\laragon\\www\\Laboratory_3\\app\\Views\\Homepage\\ViewProduct.php')
 3 SYSTEMPATH\View\View.php(229): CodeIgniter\View\View->CodeIgniter\View\{closure}()
 4 SYSTEMPATH\View\View.php(467): CodeIgniter\View\View->render('Homepage/ViewProduct', null, true)
 5 APPPATH\Views\Homepage\Home.php(11): CodeIgniter\View\View->include('Homepage/ViewProduct')
 6 SYSTEMPATH\View\View.php(226): include('C:\\laragon\\www\\Laboratory_3\\app\\Views\\Homepage\\Home.php')
 7 SYSTEMPATH\View\View.php(229): CodeIgniter\View\View->CodeIgniter\View\{closure}()
 8 SYSTEMPATH\Common.php(1188): CodeIgniter\View\View->render('Homepage/Home', [], true)
 9 APPPATH\Controllers\Process.php(42): view('Homepage/Home', [...])
10 SYSTEMPATH\CodeIgniter.php(919): App\Controllers\Process->view_product('1')
11 SYSTEMPATH\CodeIgniter.php(494): CodeIgniter\CodeIgniter->runController(Object(App\Controllers\Process))
12 SYSTEMPATH\CodeIgniter.php(353): CodeIgniter\CodeIgniter->handleRequest(null, Object(Config\Cache), false)
13 FCPATH\index.php(79): CodeIgniter\CodeIgniter->run()
14 SYSTEMPATH\Commands\Server\rewrite.php(47): require_once('C:\\laragon\\www\\Laboratory_3\\public\\index.php')
CRITICAL - 2023-10-01 09:57:03 --> Invalid file: "Homepage/ViewProduct.php"
in SYSTEMPATH\Exceptions\FrameworkException.php on line 39.
 1 SYSTEMPATH\View\View.php(214): CodeIgniter\Exceptions\FrameworkException::forInvalidFile('Homepage/ViewProduct.php')
 2 SYSTEMPATH\View\View.php(467): CodeIgniter\View\View->render('Homepage/ViewProduct', null, true)
 3 APPPATH\Views\Homepage\Home.php(11): CodeIgniter\View\View->include('Homepage/ViewProduct')
 4 SYSTEMPATH\View\View.php(226): include('C:\\laragon\\www\\Laboratory_3\\app\\Views\\Homepage\\Home.php')
 5 SYSTEMPATH\View\View.php(229): CodeIgniter\View\View->CodeIgniter\View\{closure}()
 6 SYSTEMPATH\Common.php(1188): CodeIgniter\View\View->render('Homepage/Home', [], true)
 7 APPPATH\Controllers\Process.php(22): view('Homepage/Home', [...])
 8 SYSTEMPATH\CodeIgniter.php(919): App\Controllers\Process->index()
 9 SYSTEMPATH\CodeIgniter.php(494): CodeIgniter\CodeIgniter->runController(Object(App\Controllers\Process))
10 SYSTEMPATH\CodeIgniter.php(353): CodeIgniter\CodeIgniter->handleRequest(null, Object(Config\Cache), false)
11 FCPATH\index.php(79): CodeIgniter\CodeIgniter->run()
12 SYSTEMPATH\Commands\Server\rewrite.php(47): require_once('C:\\laragon\\www\\Laboratory_3\\public\\index.php')
CRITICAL - 2023-10-01 10:34:23 --> include(Admin/Top): Failed to open stream: No such file or directory
in APPPATH\Views\Admin\admin.php on line 1.
 1 APPPATH\Views\Admin\admin.php(1): CodeIgniter\Debug\Exceptions->errorHandler(2, 'include(Admin/Top): Failed to open stream: No such file or directory', 'C:\\laragon\\www\\Laboratory_3\\app\\Views\\Admin\\admin.php', 1)
 2 APPPATH\Views\Admin\admin.php(1): include()
 3 SYSTEMPATH\View\View.php(226): include('C:\\laragon\\www\\Laboratory_3\\app\\Views\\Admin\\admin.php')
 4 SYSTEMPATH\View\View.php(229): CodeIgniter\View\View->CodeIgniter\View\{closure}()
 5 SYSTEMPATH\Common.php(1188): CodeIgniter\View\View->render('Admin/admin', [], true)
 6 APPPATH\Controllers\Process.php(48): view('Admin/admin')
 7 SYSTEMPATH\CodeIgniter.php(919): App\Controllers\Process->admin()
 8 SYSTEMPATH\CodeIgniter.php(494): CodeIgniter\CodeIgniter->runController(Object(App\Controllers\Process))
 9 SYSTEMPATH\CodeIgniter.php(353): CodeIgniter\CodeIgniter->handleRequest(null, Object(Config\Cache), false)
10 FCPATH\index.php(79): CodeIgniter\CodeIgniter->run()
11 SYSTEMPATH\Commands\Server\rewrite.php(47): require_once('C:\\laragon\\www\\Laboratory_3\\public\\index.php')
CRITICAL - 2023-10-01 10:42:40 --> Invalid file: "Admin/NavTop.php"
in SYSTEMPATH\Exceptions\FrameworkException.php on line 39.
 1 SYSTEMPATH\View\View.php(214): CodeIgniter\Exceptions\FrameworkException::forInvalidFile('Admin/NavTop.php')
 2 SYSTEMPATH\View\View.php(467): CodeIgniter\View\View->render('Admin/NavTop', null, true)
 3 APPPATH\Views\Admin\admin.php(5): CodeIgniter\View\View->include('Admin/NavTop')
 4 SYSTEMPATH\View\View.php(226): include('C:\\laragon\\www\\Laboratory_3\\app\\Views\\Admin\\admin.php')
 5 SYSTEMPATH\View\View.php(229): CodeIgniter\View\View->CodeIgniter\View\{closure}()
 6 SYSTEMPATH\Common.php(1188): CodeIgniter\View\View->render('Admin/admin', [], true)
 7 APPPATH\Controllers\Process.php(48): view('Admin/admin')
 8 SYSTEMPATH\CodeIgniter.php(919): App\Controllers\Process->admin()
 9 SYSTEMPATH\CodeIgniter.php(494): CodeIgniter\CodeIgniter->runController(Object(App\Controllers\Process))
10 SYSTEMPATH\CodeIgniter.php(353): CodeIgniter\CodeIgniter->handleRequest(null, Object(Config\Cache), false)
11 FCPATH\index.php(79): CodeIgniter\CodeIgniter->run()
12 SYSTEMPATH\Commands\Server\rewrite.php(47): require_once('C:\\laragon\\www\\Laboratory_3\\public\\index.php')
CRITICAL - 2023-10-01 10:43:41 --> Invalid file: "Admin/NavTop.php"
in SYSTEMPATH\Exceptions\FrameworkException.php on line 39.
 1 SYSTEMPATH\View\View.php(214): CodeIgniter\Exceptions\FrameworkException::forInvalidFile('Admin/NavTop.php')
 2 SYSTEMPATH\View\View.php(467): CodeIgniter\View\View->render('Admin/NavTop', null, true)
 3 APPPATH\Views\Admin\admin.php(5): CodeIgniter\View\View->include('Admin/NavTop')
 4 SYSTEMPATH\View\View.php(226): include('C:\\laragon\\www\\Laboratory_3\\app\\Views\\Admin\\admin.php')
 5 SYSTEMPATH\View\View.php(229): CodeIgniter\View\View->CodeIgniter\View\{closure}()
 6 SYSTEMPATH\Common.php(1188): CodeIgniter\View\View->render('Admin/admin', [], true)
 7 APPPATH\Controllers\Process.php(48): view('Admin/admin')
 8 SYSTEMPATH\CodeIgniter.php(919): App\Controllers\Process->admin()
 9 SYSTEMPATH\CodeIgniter.php(494): CodeIgniter\CodeIgniter->runController(Object(App\Controllers\Process))
10 SYSTEMPATH\CodeIgniter.php(353): CodeIgniter\CodeIgniter->handleRequest(null, Object(Config\Cache), false)
11 FCPATH\index.php(79): CodeIgniter\CodeIgniter->run()
12 SYSTEMPATH\Commands\Server\rewrite.php(47): require_once('C:\\laragon\\www\\Laboratory_3\\public\\index.php')
CRITICAL - 2023-10-01 13:01:11 --> Class "App\Models\Users" not found
in APPPATH\Controllers\Process.php on line 14.
 1 SYSTEMPATH\CodeIgniter.php(891): App\Controllers\Process->__construct()
 2 SYSTEMPATH\CodeIgniter.php(485): CodeIgniter\CodeIgniter->createController()
 3 SYSTEMPATH\CodeIgniter.php(353): CodeIgniter\CodeIgniter->handleRequest(null, Object(Config\Cache), false)
 4 FCPATH\index.php(79): CodeIgniter\CodeIgniter->run()
 5 SYSTEMPATH\Commands\Server\rewrite.php(47): require_once('C:\\laragon\\www\\Laboratory_3\\public\\index.php')
ERROR - 2023-10-01 13:02:51 --> mysqli_sql_exception: Unknown column 'email' in 'where clause' in C:\laragon\www\Laboratory_3\system\Database\MySQLi\Connection.php:306
Stack trace:
#0 C:\laragon\www\Laboratory_3\system\Database\MySQLi\Connection.php(306): mysqli->query('SELECT 1\nFROM `...', 0)
#1 C:\laragon\www\Laboratory_3\system\Database\BaseConnection.php(692): CodeIgniter\Database\MySQLi\Connection->execute('SELECT 1\nFROM `...')
#2 C:\laragon\www\Laboratory_3\system\Database\BaseConnection.php(606): CodeIgniter\Database\BaseConnection->simpleQuery('SELECT 1\nFROM `...')
#3 C:\laragon\www\Laboratory_3\system\Database\BaseBuilder.php(1615): CodeIgniter\Database\BaseConnection->query('SELECT 1\nFROM `...', Array, false)
#4 C:\laragon\www\Laboratory_3\system\Validation\StrictRules\Rules.php(206): CodeIgniter\Database\BaseBuilder->get()
#5 C:\laragon\www\Laboratory_3\system\Validation\Validation.php(309): CodeIgniter\Validation\StrictRules\Rules->is_unique('User', 'email', Array, NULL, 'username')
#6 C:\laragon\www\Laboratory_3\system\Validation\Validation.php(195): CodeIgniter\Validation\Validation->processRules('username', 'username', 'User', Array, Array)
#7 C:\laragon\www\Laboratory_3\system\Controller.php(150): CodeIgniter\Validation\Validation->run()
#8 C:\laragon\www\Laboratory_3\app\Controllers\UserController.php(21): CodeIgniter\Controller->validate(Array)
#9 C:\laragon\www\Laboratory_3\system\CodeIgniter.php(919): App\Controllers\UserController->register()
#10 C:\laragon\www\Laboratory_3\system\CodeIgniter.php(494): CodeIgniter\CodeIgniter->runController(Object(App\Controllers\UserController))
#11 C:\laragon\www\Laboratory_3\system\CodeIgniter.php(353): CodeIgniter\CodeIgniter->handleRequest(NULL, Object(Config\Cache), false)
#12 C:\laragon\www\Laboratory_3\public\index.php(79): CodeIgniter\CodeIgniter->run()
#13 C:\laragon\www\Laboratory_3\system\Commands\Server\rewrite.php(47): require_once('C:\\laragon\\www\\...')
#14 {main}
CRITICAL - 2023-10-01 13:02:51 --> Unknown column 'email' in 'where clause'
in SYSTEMPATH\Database\BaseConnection.php on line 646.
 1 SYSTEMPATH\Database\BaseBuilder.php(1615): CodeIgniter\Database\BaseConnection->query('SELECT 1
FROM `users`
WHERE `email` = :email:
 LIMIT 1', [...], false)
 2 SYSTEMPATH\Validation\StrictRules\Rules.php(206): CodeIgniter\Database\BaseBuilder->get()
 3 SYSTEMPATH\Validation\Validation.php(309): CodeIgniter\Validation\StrictRules\Rules->is_unique('User', 'email', [...], null, 'username')
 4 SYSTEMPATH\Validation\Validation.php(195): CodeIgniter\Validation\Validation->processRules('username', 'username', 'User', [...], [...])
 5 SYSTEMPATH\Controller.php(150): CodeIgniter\Validation\Validation->run()
 6 APPPATH\Controllers\UserController.php(21): CodeIgniter\Controller->validate([...])
 7 SYSTEMPATH\CodeIgniter.php(919): App\Controllers\UserController->register()
 8 SYSTEMPATH\CodeIgniter.php(494): CodeIgniter\CodeIgniter->runController(Object(App\Controllers\UserController))
 9 SYSTEMPATH\CodeIgniter.php(353): CodeIgniter\CodeIgniter->handleRequest(null, Object(Config\Cache), false)
10 FCPATH\index.php(79): CodeIgniter\CodeIgniter->run()
11 SYSTEMPATH\Commands\Server\rewrite.php(47): require_once('C:\\laragon\\www\\Laboratory_3\\public\\index.php')
CRITICAL - 2023-10-01 13:09:21 --> Call to a member function validate() on array
in APPPATH\Controllers\UserController.php on line 25.
 1 SYSTEMPATH\CodeIgniter.php(919): App\Controllers\UserController->register()
 2 SYSTEMPATH\CodeIgniter.php(494): CodeIgniter\CodeIgniter->runController(Object(App\Controllers\UserController))
 3 SYSTEMPATH\CodeIgniter.php(353): CodeIgniter\CodeIgniter->handleRequest(null, Object(Config\Cache), false)
 4 FCPATH\index.php(79): CodeIgniter\CodeIgniter->run()
 5 SYSTEMPATH\Commands\Server\rewrite.php(47): require_once('C:\\laragon\\www\\Laboratory_3\\public\\index.php')
CRITICAL - 2023-10-01 13:14:06 --> Undefined variable $userModel
in APPPATH\Controllers\UserController.php on line 18.
 1 APPPATH\Controllers\UserController.php(18): CodeIgniter\Debug\Exceptions->errorHandler(2, 'Undefined variable $userModel', 'C:\\laragon\\www\\Laboratory_3\\app\\Controllers\\UserController.php', 18)
 2 SYSTEMPATH\CodeIgniter.php(919): App\Controllers\UserController->register()
 3 SYSTEMPATH\CodeIgniter.php(494): CodeIgniter\CodeIgniter->runController(Object(App\Controllers\UserController))
 4 SYSTEMPATH\CodeIgniter.php(353): CodeIgniter\CodeIgniter->handleRequest(null, Object(Config\Cache), false)
 5 FCPATH\index.php(79): CodeIgniter\CodeIgniter->run()
 6 SYSTEMPATH\Commands\Server\rewrite.php(47): require_once('C:\\laragon\\www\\Laboratory_3\\public\\index.php')
CRITICAL - 2023-10-01 13:14:37 --> Call to undefined method CodeIgniter\HTTP\IncomingRequest::validate()
in APPPATH\Controllers\UserController.php on line 21.
 1 SYSTEMPATH\CodeIgniter.php(919): App\Controllers\UserController->register()
 2 SYSTEMPATH\CodeIgniter.php(494): CodeIgniter\CodeIgniter->runController(Object(App\Controllers\UserController))
 3 SYSTEMPATH\CodeIgniter.php(353): CodeIgniter\CodeIgniter->handleRequest(null, Object(Config\Cache), false)
 4 FCPATH\index.php(79): CodeIgniter\CodeIgniter->run()
 5 SYSTEMPATH\Commands\Server\rewrite.php(47): require_once('C:\\laragon\\www\\Laboratory_3\\public\\index.php')
ERROR - 2023-10-01 13:27:18 --> mysqli_sql_exception: Unknown column 'email' in 'where clause' in C:\laragon\www\Laboratory_3\system\Database\MySQLi\Connection.php:306
Stack trace:
#0 C:\laragon\www\Laboratory_3\system\Database\MySQLi\Connection.php(306): mysqli->query('SELECT 1\nFROM `...', 0)
#1 C:\laragon\www\Laboratory_3\system\Database\BaseConnection.php(692): CodeIgniter\Database\MySQLi\Connection->execute('SELECT 1\nFROM `...')
#2 C:\laragon\www\Laboratory_3\system\Database\BaseConnection.php(606): CodeIgniter\Database\BaseConnection->simpleQuery('SELECT 1\nFROM `...')
#3 C:\laragon\www\Laboratory_3\system\Database\BaseBuilder.php(1615): CodeIgniter\Database\BaseConnection->query('SELECT 1\nFROM `...', Array, false)
#4 C:\laragon\www\Laboratory_3\system\Validation\StrictRules\Rules.php(206): CodeIgniter\Database\BaseBuilder->get()
#5 C:\laragon\www\Laboratory_3\system\Validation\Validation.php(309): CodeIgniter\Validation\StrictRules\Rules->is_unique('Admin', 'email', Array, NULL, 'username')
#6 C:\laragon\www\Laboratory_3\system\Validation\Validation.php(195): CodeIgniter\Validation\Validation->processRules('username', 'username', 'Admin', Array, Array)
#7 C:\laragon\www\Laboratory_3\system\Controller.php(150): CodeIgniter\Validation\Validation->run()
#8 C:\laragon\www\Laboratory_3\app\Controllers\UserController.php(23): CodeIgniter\Controller->validate(Array)
#9 C:\laragon\www\Laboratory_3\system\CodeIgniter.php(919): App\Controllers\UserController->register()
#10 C:\laragon\www\Laboratory_3\system\CodeIgniter.php(494): CodeIgniter\CodeIgniter->runController(Object(App\Controllers\UserController))
#11 C:\laragon\www\Laboratory_3\system\CodeIgniter.php(353): CodeIgniter\CodeIgniter->handleRequest(NULL, Object(Config\Cache), false)
#12 C:\laragon\www\Laboratory_3\public\index.php(79): CodeIgniter\CodeIgniter->run()
#13 C:\laragon\www\Laboratory_3\system\Commands\Server\rewrite.php(47): require_once('C:\\laragon\\www\\...')
#14 {main}
CRITICAL - 2023-10-01 13:27:18 --> Unknown column 'email' in 'where clause'
in SYSTEMPATH\Database\BaseConnection.php on line 646.
 1 SYSTEMPATH\Database\BaseBuilder.php(1615): CodeIgniter\Database\BaseConnection->query('SELECT 1
FROM `users`
WHERE `email` = :email:
 LIMIT 1', [...], false)
 2 SYSTEMPATH\Validation\StrictRules\Rules.php(206): CodeIgniter\Database\BaseBuilder->get()
 3 SYSTEMPATH\Validation\Validation.php(309): CodeIgniter\Validation\StrictRules\Rules->is_unique('Admin', 'email', [...], null, 'username')
 4 SYSTEMPATH\Validation\Validation.php(195): CodeIgniter\Validation\Validation->processRules('username', 'username', 'Admin', [...], [...])
 5 SYSTEMPATH\Controller.php(150): CodeIgniter\Validation\Validation->run()
 6 APPPATH\Controllers\UserController.php(23): CodeIgniter\Controller->validate([...])
 7 SYSTEMPATH\CodeIgniter.php(919): App\Controllers\UserController->register()
 8 SYSTEMPATH\CodeIgniter.php(494): CodeIgniter\CodeIgniter->runController(Object(App\Controllers\UserController))
 9 SYSTEMPATH\CodeIgniter.php(353): CodeIgniter\CodeIgniter->handleRequest(null, Object(Config\Cache), false)
10 FCPATH\index.php(79): CodeIgniter\CodeIgniter->run()
11 SYSTEMPATH\Commands\Server\rewrite.php(47): require_once('C:\\laragon\\www\\Laboratory_3\\public\\index.php')
CRITICAL - 2023-10-01 13:36:01 --> Class "App\Controllers\UserModel" not found
in APPPATH\Controllers\UserController.php on line 24.
 1 SYSTEMPATH\CodeIgniter.php(919): App\Controllers\UserController->register()
 2 SYSTEMPATH\CodeIgniter.php(494): CodeIgniter\CodeIgniter->runController(Object(App\Controllers\UserController))
 3 SYSTEMPATH\CodeIgniter.php(353): CodeIgniter\CodeIgniter->handleRequest(null, Object(Config\Cache), false)
 4 FCPATH\index.php(79): CodeIgniter\CodeIgniter->run()
 5 SYSTEMPATH\Commands\Server\rewrite.php(47): require_once('C:\\laragon\\www\\Laboratory_3\\public\\index.php')
CRITICAL - 2023-10-01 14:18:56 --> password_hash() expects at least 2 arguments, 1 given
in APPPATH\Controllers\UserController.php on line 50.
 1 APPPATH\Controllers\UserController.php(50): password_hash('12345678')
 2 SYSTEMPATH\CodeIgniter.php(919): App\Controllers\UserController->LoginAuth()
 3 SYSTEMPATH\CodeIgniter.php(494): CodeIgniter\CodeIgniter->runController(Object(App\Controllers\UserController))
 4 SYSTEMPATH\CodeIgniter.php(353): CodeIgniter\CodeIgniter->handleRequest(null, Object(Config\Cache), false)
 5 FCPATH\index.php(79): CodeIgniter\CodeIgniter->run()
 6 SYSTEMPATH\Commands\Server\rewrite.php(47): require_once('C:\\laragon\\www\\Laboratory_3\\public\\index.php')
CRITICAL - 2023-10-01 15:21:31 --> syntax error, unexpected token "=>"
in APPPATH\Controllers\UserController.php on line 46.
 1 SYSTEMPATH\Autoloader\Autoloader.php(285): CodeIgniter\Autoloader\Autoloader->includeFile('C:\\laragon\\www\\Laboratory_3\\app\\Controllers\\UserController.php')
 2 SYSTEMPATH\Autoloader\Autoloader.php(263): CodeIgniter\Autoloader\Autoloader->loadInNamespace('App\\Controllers\\UserController')
 3 [internal function]: CodeIgniter\Autoloader\Autoloader->loadClass('App\\Controllers\\UserController')
 4 SYSTEMPATH\CodeIgniter.php(877): class_exists('\\App\\Controllers\\UserController', true)
 5 SYSTEMPATH\CodeIgniter.php(481): CodeIgniter\CodeIgniter->startController()
 6 SYSTEMPATH\CodeIgniter.php(353): CodeIgniter\CodeIgniter->handleRequest(null, Object(Config\Cache), false)
 7 FCPATH\index.php(79): CodeIgniter\CodeIgniter->run()
 8 SYSTEMPATH\Commands\Server\rewrite.php(47): require_once('C:\\laragon\\www\\Laboratory_3\\public\\index.php')
