CRITICAL - 2023-10-03 13:22:39 --> Undefined array key "Quantity"
in APPPATH\Views\Admin\inner.php on line 32.
 1 APPPATH\Views\Admin\inner.php(32): CodeIgniter\Debug\Exceptions->errorHandler(2, 'Undefined array key "Quantity"', 'C:\\laragon\\www\\Laboratory_3\\app\\Views\\Admin\\inner.php', 32)
 2 SYSTEMPATH\View\View.php(226): include('C:\\laragon\\www\\Laboratory_3\\app\\Views\\Admin\\inner.php')
 3 SYSTEMPATH\View\View.php(229): CodeIgniter\View\View->CodeIgniter\View\{closure}()
 4 SYSTEMPATH\View\View.php(467): CodeIgniter\View\View->render('Admin/inner', null, true)
 5 APPPATH\Views\Admin\admin.php(7): CodeIgniter\View\View->include('Admin/inner')
 6 SYSTEMPATH\View\View.php(226): include('C:\\laragon\\www\\Laboratory_3\\app\\Views\\Admin\\admin.php')
 7 SYSTEMPATH\View\View.php(229): CodeIgniter\View\View->CodeIgniter\View\{closure}()
 8 SYSTEMPATH\Common.php(1188): CodeIgniter\View\View->render('Admin/admin', [], true)
 9 APPPATH\Controllers\Process.php(58): view('Admin/admin', [...])
10 SYSTEMPATH\CodeIgniter.php(919): App\Controllers\Process->admin()
11 SYSTEMPATH\CodeIgniter.php(494): CodeIgniter\CodeIgniter->runController(Object(App\Controllers\Process))
12 SYSTEMPATH\CodeIgniter.php(353): CodeIgniter\CodeIgniter->handleRequest(null, Object(Config\Cache), false)
13 FCPATH\index.php(79): CodeIgniter\CodeIgniter->run()
14 SYSTEMPATH\Commands\Server\rewrite.php(47): require_once('C:\\laragon\\www\\Laboratory_3\\public\\index.php')
CRITICAL - 2023-10-03 13:35:51 --> Undefined variable $user
in APPPATH\Views\Admin\Welcome.php on line 4.
 1 APPPATH\Views\Admin\Welcome.php(4): CodeIgniter\Debug\Exceptions->errorHandler(2, 'Undefined variable $user', 'C:\\laragon\\www\\Laboratory_3\\app\\Views\\Admin\\Welcome.php', 4)
 2 SYSTEMPATH\View\View.php(226): include('C:\\laragon\\www\\Laboratory_3\\app\\Views\\Admin\\Welcome.php')
 3 SYSTEMPATH\View\View.php(229): CodeIgniter\View\View->CodeIgniter\View\{closure}()
 4 SYSTEMPATH\View\View.php(467): CodeIgniter\View\View->render('Admin/Welcome', null, true)
 5 APPPATH\Views\Admin\admin.php(6): CodeIgniter\View\View->include('Admin/Welcome')
 6 SYSTEMPATH\View\View.php(226): include('C:\\laragon\\www\\Laboratory_3\\app\\Views\\Admin\\admin.php')
 7 SYSTEMPATH\View\View.php(229): CodeIgniter\View\View->CodeIgniter\View\{closure}()
 8 SYSTEMPATH\Common.php(1188): CodeIgniter\View\View->render('Admin/admin', [], true)
 9 APPPATH\Controllers\Process.php(59): view('Admin/admin', [...])
10 SYSTEMPATH\CodeIgniter.php(919): App\Controllers\Process->admin()
11 SYSTEMPATH\CodeIgniter.php(494): CodeIgniter\CodeIgniter->runController(Object(App\Controllers\Process))
12 SYSTEMPATH\CodeIgniter.php(353): CodeIgniter\CodeIgniter->handleRequest(null, Object(Config\Cache), false)
13 FCPATH\index.php(79): CodeIgniter\CodeIgniter->run()
14 SYSTEMPATH\Commands\Server\rewrite.php(47): require_once('C:\\laragon\\www\\Laboratory_3\\public\\index.php')
CRITICAL - 2023-10-03 17:53:46 --> Undefined variable $id
in APPPATH\Views\Admin\overlay.php on line 16.
 1 APPPATH\Views\Admin\overlay.php(16): CodeIgniter\Debug\Exceptions->errorHandler(2, 'Undefined variable $id', 'C:\\laragon\\www\\Laboratory_3\\app\\Views\\Admin\\overlay.php', 16)
 2 SYSTEMPATH\View\View.php(226): include('C:\\laragon\\www\\Laboratory_3\\app\\Views\\Admin\\overlay.php')
 3 SYSTEMPATH\View\View.php(229): CodeIgniter\View\View->CodeIgniter\View\{closure}()
 4 SYSTEMPATH\View\View.php(467): CodeIgniter\View\View->render('Admin/overlay', null, true)
 5 APPPATH\Views\Admin\admin.php(7): CodeIgniter\View\View->include('Admin/overlay')
 6 SYSTEMPATH\View\View.php(226): include('C:\\laragon\\www\\Laboratory_3\\app\\Views\\Admin\\admin.php')
 7 SYSTEMPATH\View\View.php(229): CodeIgniter\View\View->CodeIgniter\View\{closure}()
 8 SYSTEMPATH\Common.php(1188): CodeIgniter\View\View->render('Admin/admin', [], true)
 9 APPPATH\Controllers\Process.php(70): view('Admin/admin', [...])
10 SYSTEMPATH\CodeIgniter.php(919): App\Controllers\Process->Edit('1')
11 SYSTEMPATH\CodeIgniter.php(494): CodeIgniter\CodeIgniter->runController(Object(App\Controllers\Process))
12 SYSTEMPATH\CodeIgniter.php(353): CodeIgniter\CodeIgniter->handleRequest(null, Object(Config\Cache), false)
13 FCPATH\index.php(79): CodeIgniter\CodeIgniter->run()
14 SYSTEMPATH\Commands\Server\rewrite.php(47): require_once('C:\\laragon\\www\\Laboratory_3\\public\\index.php')
CRITICAL - 2023-10-03 17:59:16 --> There is no data to update.
in SYSTEMPATH\BaseModel.php on line 1724.
 1 SYSTEMPATH\BaseModel.php(1724): CodeIgniter\Database\Exceptions\DataException::forEmptyDataset('update')
 2 SYSTEMPATH\BaseModel.php(916): CodeIgniter\BaseModel->transformDataToArray(null, 'update')
 3 SYSTEMPATH\Model.php(776): CodeIgniter\BaseModel->update([...], null)
 4 APPPATH\Controllers\Process.php(147): CodeIgniter\Model->update([...])
 5 SYSTEMPATH\CodeIgniter.php(919): App\Controllers\Process->save()
 6 SYSTEMPATH\CodeIgniter.php(494): CodeIgniter\CodeIgniter->runController(Object(App\Controllers\Process))
 7 SYSTEMPATH\CodeIgniter.php(353): CodeIgniter\CodeIgniter->handleRequest(null, Object(Config\Cache), false)
 8 FCPATH\index.php(79): CodeIgniter\CodeIgniter->run()
 9 SYSTEMPATH\Commands\Server\rewrite.php(47): require_once('C:\\laragon\\www\\Laboratory_3\\public\\index.php')
CRITICAL - 2023-10-03 18:04:18 --> There is no data to update.
in SYSTEMPATH\BaseModel.php on line 1724.
 1 SYSTEMPATH\BaseModel.php(1724): CodeIgniter\Database\Exceptions\DataException::forEmptyDataset('update')
 2 SYSTEMPATH\BaseModel.php(916): CodeIgniter\BaseModel->transformDataToArray(null, 'update')
 3 SYSTEMPATH\Model.php(776): CodeIgniter\BaseModel->update([...], null)
 4 APPPATH\Controllers\Process.php(147): CodeIgniter\Model->update([...])
 5 SYSTEMPATH\CodeIgniter.php(919): App\Controllers\Process->save()
 6 SYSTEMPATH\CodeIgniter.php(494): CodeIgniter\CodeIgniter->runController(Object(App\Controllers\Process))
 7 SYSTEMPATH\CodeIgniter.php(353): CodeIgniter\CodeIgniter->handleRequest(null, Object(Config\Cache), false)
 8 FCPATH\index.php(79): CodeIgniter\CodeIgniter->run()
 9 SYSTEMPATH\Commands\Server\rewrite.php(47): require_once('C:\\laragon\\www\\Laboratory_3\\public\\index.php')
CRITICAL - 2023-10-03 18:18:46 --> There is no data to update.
in SYSTEMPATH\BaseModel.php on line 1724.
 1 SYSTEMPATH\BaseModel.php(1724): CodeIgniter\Database\Exceptions\DataException::forEmptyDataset('update')
 2 SYSTEMPATH\BaseModel.php(916): CodeIgniter\BaseModel->transformDataToArray(null, 'update')
 3 SYSTEMPATH\Model.php(776): CodeIgniter\BaseModel->update([...], null)
 4 APPPATH\Controllers\Process.php(150): CodeIgniter\Model->update([...])
 5 SYSTEMPATH\CodeIgniter.php(919): App\Controllers\Process->save()
 6 SYSTEMPATH\CodeIgniter.php(494): CodeIgniter\CodeIgniter->runController(Object(App\Controllers\Process))
 7 SYSTEMPATH\CodeIgniter.php(353): CodeIgniter\CodeIgniter->handleRequest(null, Object(Config\Cache), false)
 8 FCPATH\index.php(79): CodeIgniter\CodeIgniter->run()
 9 SYSTEMPATH\Commands\Server\rewrite.php(47): require_once('C:\\laragon\\www\\Laboratory_3\\public\\index.php')
CRITICAL - 2023-10-03 18:28:31 --> Undefined array key ""
in APPPATH\Controllers\Process.php on line 110.
 1 APPPATH\Controllers\Process.php(110): CodeIgniter\Debug\Exceptions->errorHandler(2, 'Undefined array key ""', 'C:\\laragon\\www\\Laboratory_3\\app\\Controllers\\Process.php', 110)
 2 SYSTEMPATH\CodeIgniter.php(919): App\Controllers\Process->save()
 3 SYSTEMPATH\CodeIgniter.php(494): CodeIgniter\CodeIgniter->runController(Object(App\Controllers\Process))
 4 SYSTEMPATH\CodeIgniter.php(353): CodeIgniter\CodeIgniter->handleRequest(null, Object(Config\Cache), false)
 5 FCPATH\index.php(79): CodeIgniter\CodeIgniter->run()
 6 SYSTEMPATH\Commands\Server\rewrite.php(47): require_once('C:\\laragon\\www\\Laboratory_3\\public\\index.php')
CRITICAL - 2023-10-03 18:29:32 --> Undefined array key "image"
in APPPATH\Controllers\Process.php on line 110.
 1 APPPATH\Controllers\Process.php(110): CodeIgniter\Debug\Exceptions->errorHandler(2, 'Undefined array key "image"', 'C:\\laragon\\www\\Laboratory_3\\app\\Controllers\\Process.php', 110)
 2 SYSTEMPATH\CodeIgniter.php(919): App\Controllers\Process->save()
 3 SYSTEMPATH\CodeIgniter.php(494): CodeIgniter\CodeIgniter->runController(Object(App\Controllers\Process))
 4 SYSTEMPATH\CodeIgniter.php(353): CodeIgniter\CodeIgniter->handleRequest(null, Object(Config\Cache), false)
 5 FCPATH\index.php(79): CodeIgniter\CodeIgniter->run()
 6 SYSTEMPATH\Commands\Server\rewrite.php(47): require_once('C:\\laragon\\www\\Laboratory_3\\public\\index.php')
CRITICAL - 2023-10-03 18:29:53 --> Undefined variable $_FILE
in APPPATH\Controllers\Process.php on line 110.
 1 APPPATH\Controllers\Process.php(110): CodeIgniter\Debug\Exceptions->errorHandler(2, 'Undefined variable $_FILE', 'C:\\laragon\\www\\Laboratory_3\\app\\Controllers\\Process.php', 110)
 2 SYSTEMPATH\CodeIgniter.php(919): App\Controllers\Process->save()
 3 SYSTEMPATH\CodeIgniter.php(494): CodeIgniter\CodeIgniter->runController(Object(App\Controllers\Process))
 4 SYSTEMPATH\CodeIgniter.php(353): CodeIgniter\CodeIgniter->handleRequest(null, Object(Config\Cache), false)
 5 FCPATH\index.php(79): CodeIgniter\CodeIgniter->run()
 6 SYSTEMPATH\Commands\Server\rewrite.php(47): require_once('C:\\laragon\\www\\Laboratory_3\\public\\index.php')
CRITICAL - 2023-10-03 18:30:12 --> Undefined array key "file"
in APPPATH\Controllers\Process.php on line 110.
 1 APPPATH\Controllers\Process.php(110): CodeIgniter\Debug\Exceptions->errorHandler(2, 'Undefined array key "file"', 'C:\\laragon\\www\\Laboratory_3\\app\\Controllers\\Process.php', 110)
 2 SYSTEMPATH\CodeIgniter.php(919): App\Controllers\Process->save()
 3 SYSTEMPATH\CodeIgniter.php(494): CodeIgniter\CodeIgniter->runController(Object(App\Controllers\Process))
 4 SYSTEMPATH\CodeIgniter.php(353): CodeIgniter\CodeIgniter->handleRequest(null, Object(Config\Cache), false)
 5 FCPATH\index.php(79): CodeIgniter\CodeIgniter->run()
 6 SYSTEMPATH\Commands\Server\rewrite.php(47): require_once('C:\\laragon\\www\\Laboratory_3\\public\\index.php')
CRITICAL - 2023-10-03 18:39:29 --> There is no data to update.
in SYSTEMPATH\BaseModel.php on line 1724.
 1 SYSTEMPATH\BaseModel.php(1724): CodeIgniter\Database\Exceptions\DataException::forEmptyDataset('update')
 2 SYSTEMPATH\BaseModel.php(916): CodeIgniter\BaseModel->transformDataToArray(null, 'update')
 3 SYSTEMPATH\Model.php(776): CodeIgniter\BaseModel->update([...], null)
 4 APPPATH\Controllers\Process.php(132): CodeIgniter\Model->update([...])
 5 SYSTEMPATH\CodeIgniter.php(919): App\Controllers\Process->save()
 6 SYSTEMPATH\CodeIgniter.php(494): CodeIgniter\CodeIgniter->runController(Object(App\Controllers\Process))
 7 SYSTEMPATH\CodeIgniter.php(353): CodeIgniter\CodeIgniter->handleRequest(null, Object(Config\Cache), false)
 8 FCPATH\index.php(79): CodeIgniter\CodeIgniter->run()
 9 SYSTEMPATH\Commands\Server\rewrite.php(47): require_once('C:\\laragon\\www\\Laboratory_3\\public\\index.php')
CRITICAL - 2023-10-03 18:46:30 --> unlink(C:\laragon\www\Laboratory_3\public/uploads/coca-cola.jpg): No such file or directory
in APPPATH\Controllers\Process.php on line 114.
 1 [internal function]: CodeIgniter\Debug\Exceptions->errorHandler(2, 'unlink(C:\\laragon\\www\\Laboratory_3\\public/uploads/coca-cola.jpg): No such file or directory', 'C:\\laragon\\www\\Laboratory_3\\app\\Controllers\\Process.php', 114)
 2 APPPATH\Controllers\Process.php(114): unlink('C:\\laragon\\www\\Laboratory_3\\public/uploads/coca-cola.jpg')
 3 SYSTEMPATH\CodeIgniter.php(919): App\Controllers\Process->save()
 4 SYSTEMPATH\CodeIgniter.php(494): CodeIgniter\CodeIgniter->runController(Object(App\Controllers\Process))
 5 SYSTEMPATH\CodeIgniter.php(353): CodeIgniter\CodeIgniter->handleRequest(null, Object(Config\Cache), false)
 6 FCPATH\index.php(79): CodeIgniter\CodeIgniter->run()
 7 SYSTEMPATH\Commands\Server\rewrite.php(47): require_once('C:\\laragon\\www\\Laboratory_3\\public\\index.php')
CRITICAL - 2023-10-03 18:58:07 --> unlink(C:\laragon\www\Laboratory_3\public/uploads/cola.jpeg): No such file or directory
in APPPATH\Controllers\Process.php on line 114.
 1 [internal function]: CodeIgniter\Debug\Exceptions->errorHandler(2, 'unlink(C:\\laragon\\www\\Laboratory_3\\public/uploads/cola.jpeg): No such file or directory', 'C:\\laragon\\www\\Laboratory_3\\app\\Controllers\\Process.php', 114)
 2 APPPATH\Controllers\Process.php(114): unlink('C:\\laragon\\www\\Laboratory_3\\public/uploads/cola.jpeg')
 3 SYSTEMPATH\CodeIgniter.php(919): App\Controllers\Process->save()
 4 SYSTEMPATH\CodeIgniter.php(494): CodeIgniter\CodeIgniter->runController(Object(App\Controllers\Process))
 5 SYSTEMPATH\CodeIgniter.php(353): CodeIgniter\CodeIgniter->handleRequest(null, Object(Config\Cache), false)
 6 FCPATH\index.php(79): CodeIgniter\CodeIgniter->run()
 7 SYSTEMPATH\Commands\Server\rewrite.php(47): require_once('C:\\laragon\\www\\Laboratory_3\\public\\index.php')
CRITICAL - 2023-10-03 19:03:51 --> syntax error, unexpected token "->", expecting identifier or variable or "{" or "$"
in APPPATH\Controllers\Process.php on line 132.
 1 SYSTEMPATH\Autoloader\Autoloader.php(285): CodeIgniter\Autoloader\Autoloader->includeFile('C:\\laragon\\www\\Laboratory_3\\app\\Controllers\\process.php')
 2 SYSTEMPATH\Autoloader\Autoloader.php(263): CodeIgniter\Autoloader\Autoloader->loadInNamespace('App\\Controllers\\process')
 3 [internal function]: CodeIgniter\Autoloader\Autoloader->loadClass('App\\Controllers\\process')
 4 SYSTEMPATH\CodeIgniter.php(877): class_exists('\\App\\Controllers\\process', true)
 5 SYSTEMPATH\CodeIgniter.php(481): CodeIgniter\CodeIgniter->startController()
 6 SYSTEMPATH\CodeIgniter.php(353): CodeIgniter\CodeIgniter->handleRequest(null, Object(Config\Cache), false)
 7 FCPATH\index.php(79): CodeIgniter\CodeIgniter->run()
 8 SYSTEMPATH\Commands\Server\rewrite.php(47): require_once('C:\\laragon\\www\\Laboratory_3\\public\\index.php')
CRITICAL - 2023-10-03 19:03:56 --> syntax error, unexpected token "->", expecting identifier or variable or "{" or "$"
in APPPATH\Controllers\Process.php on line 132.
 1 SYSTEMPATH\Autoloader\Autoloader.php(285): CodeIgniter\Autoloader\Autoloader->includeFile('C:\\laragon\\www\\Laboratory_3\\app\\Controllers\\process.php')
 2 SYSTEMPATH\Autoloader\Autoloader.php(263): CodeIgniter\Autoloader\Autoloader->loadInNamespace('App\\Controllers\\process')
 3 [internal function]: CodeIgniter\Autoloader\Autoloader->loadClass('App\\Controllers\\process')
 4 SYSTEMPATH\CodeIgniter.php(877): class_exists('\\App\\Controllers\\process', true)
 5 SYSTEMPATH\CodeIgniter.php(481): CodeIgniter\CodeIgniter->startController()
 6 SYSTEMPATH\CodeIgniter.php(353): CodeIgniter\CodeIgniter->handleRequest(null, Object(Config\Cache), false)
 7 FCPATH\index.php(79): CodeIgniter\CodeIgniter->run()
 8 SYSTEMPATH\Commands\Server\rewrite.php(47): require_once('C:\\laragon\\www\\Laboratory_3\\public\\index.php')
CRITICAL - 2023-10-03 19:04:28 --> unlink(C:\laragon\www\Laboratory_3\public/uploads/coca-cola.jpg): No such file or directory
in APPPATH\Controllers\Process.php on line 114.
 1 [internal function]: CodeIgniter\Debug\Exceptions->errorHandler(2, 'unlink(C:\\laragon\\www\\Laboratory_3\\public/uploads/coca-cola.jpg): No such file or directory', 'C:\\laragon\\www\\Laboratory_3\\app\\Controllers\\Process.php', 114)
 2 APPPATH\Controllers\Process.php(114): unlink('C:\\laragon\\www\\Laboratory_3\\public/uploads/coca-cola.jpg')
 3 SYSTEMPATH\CodeIgniter.php(919): App\Controllers\Process->save()
 4 SYSTEMPATH\CodeIgniter.php(494): CodeIgniter\CodeIgniter->runController(Object(App\Controllers\Process))
 5 SYSTEMPATH\CodeIgniter.php(353): CodeIgniter\CodeIgniter->handleRequest(null, Object(Config\Cache), false)
 6 FCPATH\index.php(79): CodeIgniter\CodeIgniter->run()
 7 SYSTEMPATH\Commands\Server\rewrite.php(47): require_once('C:\\laragon\\www\\Laboratory_3\\public\\index.php')
CRITICAL - 2023-10-03 19:10:26 --> unlink(C:\laragon\www\Laboratory_3\public/uploads/coca-cola.jpg): No such file or directory
in APPPATH\Controllers\Process.php on line 114.
 1 [internal function]: CodeIgniter\Debug\Exceptions->errorHandler(2, 'unlink(C:\\laragon\\www\\Laboratory_3\\public/uploads/coca-cola.jpg): No such file or directory', 'C:\\laragon\\www\\Laboratory_3\\app\\Controllers\\Process.php', 114)
 2 APPPATH\Controllers\Process.php(114): unlink('C:\\laragon\\www\\Laboratory_3\\public/uploads/coca-cola.jpg')
 3 SYSTEMPATH\CodeIgniter.php(919): App\Controllers\Process->save()
 4 SYSTEMPATH\CodeIgniter.php(494): CodeIgniter\CodeIgniter->runController(Object(App\Controllers\Process))
 5 SYSTEMPATH\CodeIgniter.php(353): CodeIgniter\CodeIgniter->handleRequest(null, Object(Config\Cache), false)
 6 FCPATH\index.php(79): CodeIgniter\CodeIgniter->run()
 7 SYSTEMPATH\Commands\Server\rewrite.php(47): require_once('C:\\laragon\\www\\Laboratory_3\\public\\index.php')
CRITICAL - 2023-10-03 19:13:15 --> There is no data to update.
in SYSTEMPATH\BaseModel.php on line 1724.
 1 SYSTEMPATH\BaseModel.php(1724): CodeIgniter\Database\Exceptions\DataException::forEmptyDataset('update')
 2 SYSTEMPATH\BaseModel.php(916): CodeIgniter\BaseModel->transformDataToArray(null, 'update')
 3 SYSTEMPATH\Model.php(776): CodeIgniter\BaseModel->update([...], null)
 4 APPPATH\Controllers\Process.php(132): CodeIgniter\Model->update([...])
 5 SYSTEMPATH\CodeIgniter.php(919): App\Controllers\Process->save()
 6 SYSTEMPATH\CodeIgniter.php(494): CodeIgniter\CodeIgniter->runController(Object(App\Controllers\Process))
 7 SYSTEMPATH\CodeIgniter.php(353): CodeIgniter\CodeIgniter->handleRequest(null, Object(Config\Cache), false)
 8 FCPATH\index.php(79): CodeIgniter\CodeIgniter->run()
 9 SYSTEMPATH\Commands\Server\rewrite.php(47): require_once('C:\\laragon\\www\\Laboratory_3\\public\\index.php')
CRITICAL - 2023-10-03 19:21:49 --> There is no data to update.
in SYSTEMPATH\BaseModel.php on line 1724.
 1 SYSTEMPATH\BaseModel.php(1724): CodeIgniter\Database\Exceptions\DataException::forEmptyDataset('update')
 2 SYSTEMPATH\BaseModel.php(916): CodeIgniter\BaseModel->transformDataToArray(null, 'update')
 3 SYSTEMPATH\Model.php(776): CodeIgniter\BaseModel->update([...], null)
 4 APPPATH\Controllers\Process.php(132): CodeIgniter\Model->update([...])
 5 SYSTEMPATH\CodeIgniter.php(919): App\Controllers\Process->save()
 6 SYSTEMPATH\CodeIgniter.php(494): CodeIgniter\CodeIgniter->runController(Object(App\Controllers\Process))
 7 SYSTEMPATH\CodeIgniter.php(353): CodeIgniter\CodeIgniter->handleRequest(null, Object(Config\Cache), false)
 8 FCPATH\index.php(79): CodeIgniter\CodeIgniter->run()
 9 SYSTEMPATH\Commands\Server\rewrite.php(47): require_once('C:\\laragon\\www\\Laboratory_3\\public\\index.php')
CRITICAL - 2023-10-03 19:26:50 --> Call to a member function move() on null
in APPPATH\Controllers\Process.php on line 93.
 1 SYSTEMPATH\CodeIgniter.php(919): App\Controllers\Process->save()
 2 SYSTEMPATH\CodeIgniter.php(494): CodeIgniter\CodeIgniter->runController(Object(App\Controllers\Process))
 3 SYSTEMPATH\CodeIgniter.php(353): CodeIgniter\CodeIgniter->handleRequest(null, Object(Config\Cache), false)
 4 FCPATH\index.php(79): CodeIgniter\CodeIgniter->run()
 5 SYSTEMPATH\Commands\Server\rewrite.php(47): require_once('C:\\laragon\\www\\Laboratory_3\\public\\index.php')
