CRITICAL - 2023-10-04 12:20:58 --> Undefined variable $setter
in APPPATH\Views\Admin\overlay.php on line 9.
 1 APPPATH\Views\Admin\overlay.php(9): CodeIgniter\Debug\Exceptions->errorHandler(2, 'Undefined variable $setter', 'C:\\laragon\\www\\Laboratory_3\\app\\Views\\Admin\\overlay.php', 9)
 2 SYSTEMPATH\View\View.php(226): include('C:\\laragon\\www\\Laboratory_3\\app\\Views\\Admin\\overlay.php')
 3 SYSTEMPATH\View\View.php(229): CodeIgniter\View\View->CodeIgniter\View\{closure}()
 4 SYSTEMPATH\View\View.php(467): CodeIgniter\View\View->render('Admin/overlay', null, true)
 5 APPPATH\Views\Admin\admin.php(7): CodeIgniter\View\View->include('Admin/overlay')
 6 SYSTEMPATH\View\View.php(226): include('C:\\laragon\\www\\Laboratory_3\\app\\Views\\Admin\\admin.php')
 7 SYSTEMPATH\View\View.php(229): CodeIgniter\View\View->CodeIgniter\View\{closure}()
 8 SYSTEMPATH\Common.php(1188): CodeIgniter\View\View->render('Admin/admin', [], true)
 9 APPPATH\Controllers\Process.php(60): view('Admin/admin', [...])
10 SYSTEMPATH\CodeIgniter.php(919): App\Controllers\Process->admin()
11 SYSTEMPATH\CodeIgniter.php(494): CodeIgniter\CodeIgniter->runController(Object(App\Controllers\Process))
12 SYSTEMPATH\CodeIgniter.php(353): CodeIgniter\CodeIgniter->handleRequest(null, Object(Config\Cache), false)
13 FCPATH\index.php(79): CodeIgniter\CodeIgniter->run()
14 SYSTEMPATH\Commands\Server\rewrite.php(47): require_once('C:\\laragon\\www\\Laboratory_3\\public\\index.php')
CRITICAL - 2023-10-04 12:48:56 --> Undefined variable $isset
in APPPATH\Views\Admin\inner.php on line 40.
 1 APPPATH\Views\Admin\inner.php(40): CodeIgniter\Debug\Exceptions->errorHandler(2, 'Undefined variable $isset', 'C:\\laragon\\www\\Laboratory_3\\app\\Views\\Admin\\inner.php', 40)
 2 SYSTEMPATH\View\View.php(226): include('C:\\laragon\\www\\Laboratory_3\\app\\Views\\Admin\\inner.php')
 3 SYSTEMPATH\View\View.php(229): CodeIgniter\View\View->CodeIgniter\View\{closure}()
 4 SYSTEMPATH\View\View.php(467): CodeIgniter\View\View->render('Admin/inner', null, true)
 5 APPPATH\Views\Admin\admin.php(8): CodeIgniter\View\View->include('Admin/inner')
 6 SYSTEMPATH\View\View.php(226): include('C:\\laragon\\www\\Laboratory_3\\app\\Views\\Admin\\admin.php')
 7 SYSTEMPATH\View\View.php(229): CodeIgniter\View\View->CodeIgniter\View\{closure}()
 8 SYSTEMPATH\Common.php(1188): CodeIgniter\View\View->render('Admin/admin', [], true)
 9 APPPATH\Controllers\Process.php(72): view('Admin/admin', [...])
10 SYSTEMPATH\CodeIgniter.php(919): App\Controllers\Process->Edit('3')
11 SYSTEMPATH\CodeIgniter.php(494): CodeIgniter\CodeIgniter->runController(Object(App\Controllers\Process))
12 SYSTEMPATH\CodeIgniter.php(353): CodeIgniter\CodeIgniter->handleRequest(null, Object(Config\Cache), false)
13 FCPATH\index.php(79): CodeIgniter\CodeIgniter->run()
14 SYSTEMPATH\Commands\Server\rewrite.php(47): require_once('C:\\laragon\\www\\Laboratory_3\\public\\index.php')
